<?xml version="1.0" encoding="UTF-8"?>
<!-- Generated by org.testng.reporters.JUnitReportReporter -->
<testsuite hostname="DESKTOP-S514ON8" failures="0" tests="2"
	name="testSuite.OnlineAdmissionTest" time="66.592" errors="0"
	timestamp="2023-11-12T21:43:29 IST" skipped="0">
	<testcase classname="testSuite.OnlineAdmissionTest"
		name="OnlineAddmissionFormForRegistrationWithValidInputs" time="35.894">
		<system-out>
      <![CDATA[This test is failed. its screenshot is kept in F:\KSGCollege\KSGAutomationTest\scrsSucess0.3093101193537209.jpeg is sucess. ]]>
    </system-out>
	</testcase> <!--
	OnlineAddmissionFormForRegistrationWithValidInputs -->
	<testcase classname="testSuite.OnlineAdmissionTest"
		name="OnlineAddmissionFormForRegistrationWithInvalidInputs"
		time="30.698">
		<system-out>
      <![CDATA[This test is failed. its screenshot is kept in F:\KSGCollege\KSGAutomationTest\scrsSucess0.3093101193537209.jpeg is sucess. ]]>
    </system-out>
	</testcase> <!--
	OnlineAddmissionFormForRegistrationWithInvalidInputs -->
	<system-out>
    <![CDATA[This test is failed. its screenshot is kept in F:\KSGCollege\KSGAutomationTest\scrsSucess0.3093101193537209.jpeg is sucess. 
This test is failed. its screenshot is kept in F:\KSGCollege\KSGAutomationTest\scrsSucess0.3093101193537209.jpeg is sucess. ]]>
  </system-out>
</testsuite> <!-- testSuite.OnlineAdmissionTest -->
