<?xml version="1.0" encoding="UTF-8"?>
<!-- Generated by org.testng.reporters.JUnitReportReporter -->
<testsuite hostname="DESKTOP-S514ON8" failures="0" tests="3" name="testSuite.OnlinePayementTestss" time="21.809" errors="0" timestamp="2023-11-12T21:44:24 IST" skipped="0">
  <testcase classname="testSuite.OnlinePayementTestss" name="OnlinePaymentTestWithValidInputs" time="4.925">
    <system-out>
      <![CDATA[This test is failed. its screenshot is kept in F:\KSGCollege\KSGAutomationTest\scrsSucess0.3554758053853694.jpeg is sucess. ]]>
    </system-out>
  </testcase> <!-- OnlinePaymentTestWithValidInputs -->
  <testcase classname="testSuite.OnlinePayementTestss" name="emptyInputsTest" time="13.731">
    <system-out>
      <![CDATA[This test is failed. its screenshot is kept in F:\KSGCollege\KSGAutomationTest\scrsSucess0.3554758053853694.jpeg is sucess. ]]>
    </system-out>
  </testcase> <!-- emptyInputsTest -->
  <testcase classname="testSuite.OnlinePayementTestss" name="OnlinePaymentTestwithInvalidInputs" time="3.153">
    <system-out>
      <![CDATA[This test is failed. its screenshot is kept in F:\KSGCollege\KSGAutomationTest\scrsSucess0.3554758053853694.jpeg is sucess. ]]>
    </system-out>
  </testcase> <!-- OnlinePaymentTestwithInvalidInputs -->
  <system-out>
    <![CDATA[This test is failed. its screenshot is kept in F:\KSGCollege\KSGAutomationTest\scrsSucess0.3554758053853694.jpeg is sucess. 
This test is failed. its screenshot is kept in F:\KSGCollege\KSGAutomationTest\scrsSucess0.3554758053853694.jpeg is sucess. 
This test is failed. its screenshot is kept in F:\KSGCollege\KSGAutomationTest\scrsSucess0.3554758053853694.jpeg is sucess. ]]>
  </system-out>
</testsuite> <!-- testSuite.OnlinePayementTestss -->
