<?xml version="1.0" encoding="UTF-8"?>
<!-- Generated by org.testng.reporters.JUnitReportReporter -->
<testsuite hostname="SVL2310" failures="0" tests="4" name="testSuite.KSGonlineAdmissionForm" time="112.637" errors="0" timestamp="2023-12-09T17:21:58 IST" skipped="0">
  <testcase classname="testSuite.KSGonlineAdmissionForm" name="website_launched_with_the_url" time="0.026"/>
  <testcase classname="testSuite.KSGonlineAdmissionForm" name="hover_on_online_admission_open_form_and_click_on_it" time="0.003"/>
  <testcase classname="testSuite.KSGonlineAdmissionForm" name="enter_the_valid_data_as_input_and_submit_the_form" time="70.099"/>
  <testcase classname="testSuite.KSGonlineAdmissionForm" name="enter_the_invalid_data_as_input_and_submit_the_form" time="42.509"/>
</testsuite> <!-- testSuite.KSGonlineAdmissionForm -->
