<?xml version="1.0" encoding="UTF-8"?>
<!-- Generated by org.testng.reporters.JUnitReportReporter -->
<testsuite hostname="SVL2310" failures="0" tests="1" name="testRunner.TestRunner" time="0.000" errors="0" timestamp="2023-12-09T14:19:55 IST" skipped="0">
  <testcase classname="testRunner.TestRunner" name="runCucumberTests" time="0.000">
    <system-out>
      <![CDATA[This test is failed. its screenshot is kept in F:\KSGCollege\KsgTestNGTests\srcSuccessful\sucess0.09998161335177103s.jpeg is sucess. ]]>
    </system-out>
  </testcase> <!-- runCucumberTests -->
  <system-out>
    <![CDATA[This test is failed. its screenshot is kept in F:\KSGCollege\KsgTestNGTests\srcSuccessful\sucess0.09998161335177103s.jpeg is sucess. 
This test is failed. its screenshot is kept in F:\KSGCollege\KsgTestNGTests\srcSuccessful\sucess0.09998161335177103s.jpeg is sucess. 
This test is failed. its screenshot is kept in F:\KSGCollege\KsgTestNGTests\srcSuccessful\sucess0.09998161335177103s.jpeg is sucess. 
This test is failed. its screenshot is kept in F:\KSGCollege\KsgTestNGTests\srcFailed\Fail1702110544310f.png is failed. 
This test is failed. its screenshot is kept in F:\KSGCollege\KsgTestNGTests\srcSuccessful\sucess0.09998161335177103s.jpeg is sucess. 
This test is failed. its screenshot is kept in F:\KSGCollege\KsgTestNGTests\srcSuccessful\sucess0.09998161335177103s.jpeg is sucess. 
This test is failed. its screenshot is kept in F:\KSGCollege\KsgTestNGTests\srcSuccessful\sucess0.09998161335177103s.jpeg is sucess. 
This test is failed. its screenshot is kept in F:\KSGCollege\KsgTestNGTests\srcSuccessful\sucess0.09998161335177103s.jpeg is sucess. 
This test is failed. its screenshot is kept in F:\KSGCollege\KsgTestNGTests\srcSuccessful\sucess0.09998161335177103s.jpeg is sucess. 
This test is failed. its screenshot is kept in F:\KSGCollege\KsgTestNGTests\srcSuccessful\sucess0.09998161335177103s.jpeg is sucess. 
This test is failed. its screenshot is kept in F:\KSGCollege\KsgTestNGTests\srcSuccessful\sucess0.09998161335177103s.jpeg is sucess. 
This test is failed. its screenshot is kept in F:\KSGCollege\KsgTestNGTests\srcSuccessful\sucess0.09998161335177103s.jpeg is sucess. 
This test is failed. its screenshot is kept in F:\KSGCollege\KsgTestNGTests\srcSuccessful\sucess0.09998161335177103s.jpeg is sucess. 
This test is failed. its screenshot is kept in F:\KSGCollege\KsgTestNGTests\srcSuccessful\sucess0.09998161335177103s.jpeg is sucess. 
This test is failed. its screenshot is kept in F:\KSGCollege\KsgTestNGTests\srcSuccessful\sucess0.09998161335177103s.jpeg is sucess. 
This test is failed. its screenshot is kept in F:\KSGCollege\KsgTestNGTests\srcSuccessful\sucess0.09998161335177103s.jpeg is sucess. 
This test is failed. its screenshot is kept in F:\KSGCollege\KsgTestNGTests\srcSuccessful\sucess0.09998161335177103s.jpeg is sucess. 
This test is failed. its screenshot is kept in F:\KSGCollege\KsgTestNGTests\srcSuccessful\sucess0.09998161335177103s.jpeg is sucess. 
This test is failed. its screenshot is kept in F:\KSGCollege\KsgTestNGTests\srcSuccessful\sucess0.09998161335177103s.jpeg is sucess. 
This test is failed. its screenshot is kept in F:\KSGCollege\KsgTestNGTests\srcSuccessful\sucess0.09998161335177103s.jpeg is sucess. 
This test is failed. its screenshot is kept in F:\KSGCollege\KsgTestNGTests\srcFailed\Fail1702110544310f.png is failed. 
This test is failed. its screenshot is kept in F:\KSGCollege\KsgTestNGTests\srcSuccessful\sucess0.09998161335177103s.jpeg is sucess. 
This test is failed. its screenshot is kept in F:\KSGCollege\KsgTestNGTests\srcSuccessful\sucess0.09998161335177103s.jpeg is sucess. 
This test is failed. its screenshot is kept in F:\KSGCollege\KsgTestNGTests\srcFailed\Fail1702110544310f.png is failed. 
This test is failed. its screenshot is kept in F:\KSGCollege\KsgTestNGTests\srcSuccessful\sucess0.09998161335177103s.jpeg is sucess. 
This test is failed. its screenshot is kept in F:\KSGCollege\KsgTestNGTests\srcSuccessful\sucess0.09998161335177103s.jpeg is sucess. 
This test is failed. its screenshot is kept in F:\KSGCollege\KsgTestNGTests\srcSuccessful\sucess0.09998161335177103s.jpeg is sucess. 
This test is failed. its screenshot is kept in F:\KSGCollege\KsgTestNGTests\srcFailed\Fail1702110544310f.png is failed. 
This test is failed. its screenshot is kept in F:\KSGCollege\KsgTestNGTests\srcSuccessful\sucess0.09998161335177103s.jpeg is sucess. 
This test is failed. its screenshot is kept in F:\KSGCollege\KsgTestNGTests\srcSuccessful\sucess0.09998161335177103s.jpeg is sucess. 
This test is failed. its screenshot is kept in F:\KSGCollege\KsgTestNGTests\srcSuccessful\sucess0.09998161335177103s.jpeg is sucess. 
This test is failed. its screenshot is kept in F:\KSGCollege\KsgTestNGTests\srcSuccessful\sucess0.09998161335177103s.jpeg is sucess. 
This test is failed. its screenshot is kept in F:\KSGCollege\KsgTestNGTests\srcSuccessful\sucess0.09998161335177103s.jpeg is sucess. 
This test is failed. its screenshot is kept in F:\KSGCollege\KsgTestNGTests\srcSuccessful\sucess0.09998161335177103s.jpeg is sucess. 
This test is failed. its screenshot is kept in F:\KSGCollege\KsgTestNGTests\srcSuccessful\sucess0.09998161335177103s.jpeg is sucess. 
This test is failed. its screenshot is kept in F:\KSGCollege\KsgTestNGTests\srcSuccessful\sucess0.09998161335177103s.jpeg is sucess. 
This test is failed. its screenshot is kept in F:\KSGCollege\KsgTestNGTests\srcFailed\Fail1702110544310f.png is failed. 
This test is failed. its screenshot is kept in F:\KSGCollege\KsgTestNGTests\srcFailed\Fail1702110544310f.png is failed. 
This test is failed. its screenshot is kept in F:\KSGCollege\KsgTestNGTests\srcSuccessful\sucess0.09998161335177103s.jpeg is sucess. 
This test is failed. its screenshot is kept in F:\KSGCollege\KsgTestNGTests\srcSuccessful\sucess0.09998161335177103s.jpeg is sucess. 
This test is failed. its screenshot is kept in F:\KSGCollege\KsgTestNGTests\srcSuccessful\sucess0.09998161335177103s.jpeg is sucess. 
This test is failed. its screenshot is kept in F:\KSGCollege\KsgTestNGTests\srcSuccessful\sucess0.09998161335177103s.jpeg is sucess. 
This test is failed. its screenshot is kept in F:\KSGCollege\KsgTestNGTests\srcSuccessful\sucess0.09998161335177103s.jpeg is sucess. 
This test is failed. its screenshot is kept in F:\KSGCollege\KsgTestNGTests\srcSuccessful\sucess0.09998161335177103s.jpeg is sucess. 
This test is failed. its screenshot is kept in F:\KSGCollege\KsgTestNGTests\srcFailed\Fail1702110544310f.png is failed. 
This test is failed. its screenshot is kept in F:\KSGCollege\KsgTestNGTests\srcFailed\Fail1702110544310f.png is failed. 
This test is failed. its screenshot is kept in F:\KSGCollege\KsgTestNGTests\srcSuccessful\sucess0.09998161335177103s.jpeg is sucess. 
This test is failed. its screenshot is kept in F:\KSGCollege\KsgTestNGTests\srcSuccessful\sucess0.09998161335177103s.jpeg is sucess. 
This test is failed. its screenshot is kept in F:\KSGCollege\KsgTestNGTests\srcSuccessful\sucess0.09998161335177103s.jpeg is sucess. 
This test is failed. its screenshot is kept in F:\KSGCollege\KsgTestNGTests\srcSuccessful\sucess0.09998161335177103s.jpeg is sucess. 
This test is failed. its screenshot is kept in F:\KSGCollege\KsgTestNGTests\srcSuccessful\sucess0.09998161335177103s.jpeg is sucess. 
This test is failed. its screenshot is kept in F:\KSGCollege\KsgTestNGTests\srcSuccessful\sucess0.09998161335177103s.jpeg is sucess. 
This test is failed. its screenshot is kept in F:\KSGCollege\KsgTestNGTests\srcSuccessful\sucess0.09998161335177103s.jpeg is sucess. 
This test is failed. its screenshot is kept in F:\KSGCollege\KsgTestNGTests\srcFailed\Fail1702110544310f.png is failed. 
This test is failed. its screenshot is kept in F:\KSGCollege\KsgTestNGTests\srcFailed\Fail1702110544310f.png is failed. 
This test is failed. its screenshot is kept in F:\KSGCollege\KsgTestNGTests\srcFailed\Fail1702110544310f.png is failed. 
This test is failed. its screenshot is kept in F:\KSGCollege\KsgTestNGTests\srcFailed\Fail1702110544310f.png is failed. 
This test is failed. its screenshot is kept in F:\KSGCollege\KsgTestNGTests\srcFailed\Fail1702110544310f.png is failed. 
This test is failed. its screenshot is kept in F:\KSGCollege\KsgTestNGTests\srcFailed\Fail1702110544310f.png is failed. 
This test is failed. its screenshot is kept in F:\KSGCollege\KsgTestNGTests\srcFailed\Fail1702110544310f.png is failed. 
This test is failed. its screenshot is kept in F:\KSGCollege\KsgTestNGTests\srcFailed\Fail1702110544310f.png is failed. 
This test is failed. its screenshot is kept in F:\KSGCollege\KsgTestNGTests\srcFailed\Fail1702110544310f.png is failed. 
This test is failed. its screenshot is kept in F:\KSGCollege\KsgTestNGTests\srcSuccessful\sucess0.09998161335177103s.jpeg is sucess. 
This test is failed. its screenshot is kept in F:\KSGCollege\KsgTestNGTests\srcSuccessful\sucess0.09998161335177103s.jpeg is sucess. 
This test is failed. its screenshot is kept in F:\KSGCollege\KsgTestNGTests\srcSuccessful\sucess0.09998161335177103s.jpeg is sucess. 
This test is failed. its screenshot is kept in F:\KSGCollege\KsgTestNGTests\srcSuccessful\sucess0.09998161335177103s.jpeg is sucess. 
This test is failed. its screenshot is kept in F:\KSGCollege\KsgTestNGTests\srcSuccessful\sucess0.09998161335177103s.jpeg is sucess. 
This test is failed. its screenshot is kept in F:\KSGCollege\KsgTestNGTests\srcSuccessful\sucess0.09998161335177103s.jpeg is sucess. 
This test is failed. its screenshot is kept in F:\KSGCollege\KsgTestNGTests\srcFailed\Fail1702110544310f.png is failed. 
This test is failed. its screenshot is kept in F:\KSGCollege\KsgTestNGTests\srcSuccessful\sucess0.09998161335177103s.jpeg is sucess. 
This test is failed. its screenshot is kept in F:\KSGCollege\KsgTestNGTests\srcSuccessful\sucess0.09998161335177103s.jpeg is sucess. 
This test is failed. its screenshot is kept in F:\KSGCollege\KsgTestNGTests\srcFailed\Fail1702110544310f.png is failed. 
This test is failed. its screenshot is kept in F:\KSGCollege\KsgTestNGTests\srcFailed\Fail1702110544310f.png is failed. 
This test is failed. its screenshot is kept in F:\KSGCollege\KsgTestNGTests\srcSuccessful\sucess0.09998161335177103s.jpeg is sucess. 
This test is failed. its screenshot is kept in F:\KSGCollege\KsgTestNGTests\srcSuccessful\sucess0.09998161335177103s.jpeg is sucess. 
This test is failed. its screenshot is kept in F:\KSGCollege\KsgTestNGTests\srcSuccessful\sucess0.09998161335177103s.jpeg is sucess. 
This test is failed. its screenshot is kept in F:\KSGCollege\KsgTestNGTests\srcSuccessful\sucess0.09998161335177103s.jpeg is sucess. 
This test is failed. its screenshot is kept in F:\KSGCollege\KsgTestNGTests\srcSuccessful\sucess0.09998161335177103s.jpeg is sucess. 
This test is failed. its screenshot is kept in F:\KSGCollege\KsgTestNGTests\srcSuccessful\sucess0.09998161335177103s.jpeg is sucess. 
This test is failed. its screenshot is kept in F:\KSGCollege\KsgTestNGTests\srcSuccessful\sucess0.09998161335177103s.jpeg is sucess. 
This test is failed. its screenshot is kept in F:\KSGCollege\KsgTestNGTests\srcSuccessful\sucess0.09998161335177103s.jpeg is sucess. ]]>
  </system-out>
</testsuite> <!-- testRunner.TestRunner -->
