<?xml version="1.0" encoding="UTF-8"?>
<!-- Generated by org.testng.reporters.JUnitReportReporter -->
<testsuite hostname="SVL2310" failures="0" tests="1" name="testRunner.TestRunner" time="0.013" errors="0" timestamp="2023-12-05T15:53:04 IST" skipped="0">
  <testcase classname="testRunner.TestRunner" name="runCucumberTests" time="0.013"/>
</testsuite> <!-- testRunner.TestRunner -->
