<?xml version="1.0" encoding="UTF-8"?>
<!-- Generated by org.testng.reporters.JUnitReportReporter -->
<testsuite hostname="SVL2310" failures="0" tests="6" name="testSuite.KSGServiceModule" time="11.384" errors="0" timestamp="2023-12-09T14:19:55 IST" skipped="0">
  <testcase classname="testSuite.KSGServiceModule" name="website_launched_with_the_url" time="0.001">
    <system-out>
      <![CDATA[This test is failed. its screenshot is kept in F:\KSGCollege\KsgTestNGTests\srcSuccessful\sucess0.09998161335177103s.jpeg is sucess. ]]>
    </system-out>
  </testcase> <!-- website_launched_with_the_url -->
  <testcase classname="testSuite.KSGServiceModule" name="Hover_on_Placement_and_click_on_Scholarships" time="5.503">
    <system-out>
      <![CDATA[This test is failed. its screenshot is kept in F:\KSGCollege\KsgTestNGTests\srcSuccessful\sucess0.09998161335177103s.jpeg is sucess. ]]>
    </system-out>
  </testcase> <!-- Hover_on_Placement_and_click_on_Scholarships -->
  <testcase classname="testSuite.KSGServiceModule" name="Hover_on_Placement_and_click_on_Prof_Subbiah_Yoga_Centre" time="2.459">
    <system-out>
      <![CDATA[This test is failed. its screenshot is kept in F:\KSGCollege\KsgTestNGTests\srcSuccessful\sucess0.09998161335177103s.jpeg is sucess. ]]>
    </system-out>
  </testcase> <!-- Hover_on_Placement_and_click_on_Prof_Subbiah_Yoga_Centre -->
  <testcase classname="testSuite.KSGServiceModule" name="Hover_on_Placement_and_click_on_Group_Insurance" time="1.932">
    <system-out>
      <![CDATA[This test is failed. its screenshot is kept in F:\KSGCollege\KsgTestNGTests\srcSuccessful\sucess0.09998161335177103s.jpeg is sucess. ]]>
    </system-out>
  </testcase> <!-- Hover_on_Placement_and_click_on_Group_Insurance -->
  <testcase classname="testSuite.KSGServiceModule" name="Hover_on_Placement_and_click_on_Research_Programme" time="0.985">
    <system-out>
      <![CDATA[This test is failed. its screenshot is kept in F:\KSGCollege\KsgTestNGTests\srcSuccessful\sucess0.09998161335177103s.jpeg is sucess. ]]>
    </system-out>
  </testcase> <!-- Hover_on_Placement_and_click_on_Research_Programme -->
  <testcase classname="testSuite.KSGServiceModule" name="Hover_on_Placement_and_click_on_UOW" time="0.504">
    <system-out>
      <![CDATA[This test is failed. its screenshot is kept in F:\KSGCollege\KsgTestNGTests\srcSuccessful\sucess0.09998161335177103s.jpeg is sucess. ]]>
    </system-out>
  </testcase> <!-- Hover_on_Placement_and_click_on_UOW -->
  <system-out>
    <![CDATA[This test is failed. its screenshot is kept in F:\KSGCollege\KsgTestNGTests\srcSuccessful\sucess0.09998161335177103s.jpeg is sucess. 
This test is failed. its screenshot is kept in F:\KSGCollege\KsgTestNGTests\srcSuccessful\sucess0.09998161335177103s.jpeg is sucess. 
This test is failed. its screenshot is kept in F:\KSGCollege\KsgTestNGTests\srcSuccessful\sucess0.09998161335177103s.jpeg is sucess. 
This test is failed. its screenshot is kept in F:\KSGCollege\KsgTestNGTests\srcFailed\Fail1702110544310f.png is failed. 
This test is failed. its screenshot is kept in F:\KSGCollege\KsgTestNGTests\srcSuccessful\sucess0.09998161335177103s.jpeg is sucess. 
This test is failed. its screenshot is kept in F:\KSGCollege\KsgTestNGTests\srcSuccessful\sucess0.09998161335177103s.jpeg is sucess. 
This test is failed. its screenshot is kept in F:\KSGCollege\KsgTestNGTests\srcSuccessful\sucess0.09998161335177103s.jpeg is sucess. 
This test is failed. its screenshot is kept in F:\KSGCollege\KsgTestNGTests\srcSuccessful\sucess0.09998161335177103s.jpeg is sucess. 
This test is failed. its screenshot is kept in F:\KSGCollege\KsgTestNGTests\srcSuccessful\sucess0.09998161335177103s.jpeg is sucess. 
This test is failed. its screenshot is kept in F:\KSGCollege\KsgTestNGTests\srcSuccessful\sucess0.09998161335177103s.jpeg is sucess. 
This test is failed. its screenshot is kept in F:\KSGCollege\KsgTestNGTests\srcSuccessful\sucess0.09998161335177103s.jpeg is sucess. 
This test is failed. its screenshot is kept in F:\KSGCollege\KsgTestNGTests\srcSuccessful\sucess0.09998161335177103s.jpeg is sucess. 
This test is failed. its screenshot is kept in F:\KSGCollege\KsgTestNGTests\srcSuccessful\sucess0.09998161335177103s.jpeg is sucess. 
This test is failed. its screenshot is kept in F:\KSGCollege\KsgTestNGTests\srcSuccessful\sucess0.09998161335177103s.jpeg is sucess. 
This test is failed. its screenshot is kept in F:\KSGCollege\KsgTestNGTests\srcSuccessful\sucess0.09998161335177103s.jpeg is sucess. 
This test is failed. its screenshot is kept in F:\KSGCollege\KsgTestNGTests\srcSuccessful\sucess0.09998161335177103s.jpeg is sucess. 
This test is failed. its screenshot is kept in F:\KSGCollege\KsgTestNGTests\srcSuccessful\sucess0.09998161335177103s.jpeg is sucess. 
This test is failed. its screenshot is kept in F:\KSGCollege\KsgTestNGTests\srcSuccessful\sucess0.09998161335177103s.jpeg is sucess. 
This test is failed. its screenshot is kept in F:\KSGCollege\KsgTestNGTests\srcSuccessful\sucess0.09998161335177103s.jpeg is sucess. 
This test is failed. its screenshot is kept in F:\KSGCollege\KsgTestNGTests\srcSuccessful\sucess0.09998161335177103s.jpeg is sucess. 
This test is failed. its screenshot is kept in F:\KSGCollege\KsgTestNGTests\srcFailed\Fail1702110544310f.png is failed. 
This test is failed. its screenshot is kept in F:\KSGCollege\KsgTestNGTests\srcSuccessful\sucess0.09998161335177103s.jpeg is sucess. 
This test is failed. its screenshot is kept in F:\KSGCollege\KsgTestNGTests\srcSuccessful\sucess0.09998161335177103s.jpeg is sucess. 
This test is failed. its screenshot is kept in F:\KSGCollege\KsgTestNGTests\srcFailed\Fail1702110544310f.png is failed. 
This test is failed. its screenshot is kept in F:\KSGCollege\KsgTestNGTests\srcSuccessful\sucess0.09998161335177103s.jpeg is sucess. 
This test is failed. its screenshot is kept in F:\KSGCollege\KsgTestNGTests\srcSuccessful\sucess0.09998161335177103s.jpeg is sucess. 
This test is failed. its screenshot is kept in F:\KSGCollege\KsgTestNGTests\srcSuccessful\sucess0.09998161335177103s.jpeg is sucess. 
This test is failed. its screenshot is kept in F:\KSGCollege\KsgTestNGTests\srcFailed\Fail1702110544310f.png is failed. 
This test is failed. its screenshot is kept in F:\KSGCollege\KsgTestNGTests\srcSuccessful\sucess0.09998161335177103s.jpeg is sucess. 
This test is failed. its screenshot is kept in F:\KSGCollege\KsgTestNGTests\srcSuccessful\sucess0.09998161335177103s.jpeg is sucess. 
This test is failed. its screenshot is kept in F:\KSGCollege\KsgTestNGTests\srcSuccessful\sucess0.09998161335177103s.jpeg is sucess. 
This test is failed. its screenshot is kept in F:\KSGCollege\KsgTestNGTests\srcSuccessful\sucess0.09998161335177103s.jpeg is sucess. 
This test is failed. its screenshot is kept in F:\KSGCollege\KsgTestNGTests\srcSuccessful\sucess0.09998161335177103s.jpeg is sucess. 
This test is failed. its screenshot is kept in F:\KSGCollege\KsgTestNGTests\srcSuccessful\sucess0.09998161335177103s.jpeg is sucess. 
This test is failed. its screenshot is kept in F:\KSGCollege\KsgTestNGTests\srcSuccessful\sucess0.09998161335177103s.jpeg is sucess. 
This test is failed. its screenshot is kept in F:\KSGCollege\KsgTestNGTests\srcSuccessful\sucess0.09998161335177103s.jpeg is sucess. 
This test is failed. its screenshot is kept in F:\KSGCollege\KsgTestNGTests\srcFailed\Fail1702110544310f.png is failed. 
This test is failed. its screenshot is kept in F:\KSGCollege\KsgTestNGTests\srcFailed\Fail1702110544310f.png is failed. 
This test is failed. its screenshot is kept in F:\KSGCollege\KsgTestNGTests\srcSuccessful\sucess0.09998161335177103s.jpeg is sucess. 
This test is failed. its screenshot is kept in F:\KSGCollege\KsgTestNGTests\srcSuccessful\sucess0.09998161335177103s.jpeg is sucess. 
This test is failed. its screenshot is kept in F:\KSGCollege\KsgTestNGTests\srcSuccessful\sucess0.09998161335177103s.jpeg is sucess. 
This test is failed. its screenshot is kept in F:\KSGCollege\KsgTestNGTests\srcSuccessful\sucess0.09998161335177103s.jpeg is sucess. 
This test is failed. its screenshot is kept in F:\KSGCollege\KsgTestNGTests\srcSuccessful\sucess0.09998161335177103s.jpeg is sucess. 
This test is failed. its screenshot is kept in F:\KSGCollege\KsgTestNGTests\srcSuccessful\sucess0.09998161335177103s.jpeg is sucess. 
This test is failed. its screenshot is kept in F:\KSGCollege\KsgTestNGTests\srcFailed\Fail1702110544310f.png is failed. 
This test is failed. its screenshot is kept in F:\KSGCollege\KsgTestNGTests\srcFailed\Fail1702110544310f.png is failed. 
This test is failed. its screenshot is kept in F:\KSGCollege\KsgTestNGTests\srcSuccessful\sucess0.09998161335177103s.jpeg is sucess. 
This test is failed. its screenshot is kept in F:\KSGCollege\KsgTestNGTests\srcSuccessful\sucess0.09998161335177103s.jpeg is sucess. 
This test is failed. its screenshot is kept in F:\KSGCollege\KsgTestNGTests\srcSuccessful\sucess0.09998161335177103s.jpeg is sucess. 
This test is failed. its screenshot is kept in F:\KSGCollege\KsgTestNGTests\srcSuccessful\sucess0.09998161335177103s.jpeg is sucess. 
This test is failed. its screenshot is kept in F:\KSGCollege\KsgTestNGTests\srcSuccessful\sucess0.09998161335177103s.jpeg is sucess. 
This test is failed. its screenshot is kept in F:\KSGCollege\KsgTestNGTests\srcSuccessful\sucess0.09998161335177103s.jpeg is sucess. 
This test is failed. its screenshot is kept in F:\KSGCollege\KsgTestNGTests\srcSuccessful\sucess0.09998161335177103s.jpeg is sucess. 
This test is failed. its screenshot is kept in F:\KSGCollege\KsgTestNGTests\srcFailed\Fail1702110544310f.png is failed. 
This test is failed. its screenshot is kept in F:\KSGCollege\KsgTestNGTests\srcFailed\Fail1702110544310f.png is failed. 
This test is failed. its screenshot is kept in F:\KSGCollege\KsgTestNGTests\srcFailed\Fail1702110544310f.png is failed. 
This test is failed. its screenshot is kept in F:\KSGCollege\KsgTestNGTests\srcFailed\Fail1702110544310f.png is failed. 
This test is failed. its screenshot is kept in F:\KSGCollege\KsgTestNGTests\srcFailed\Fail1702110544310f.png is failed. 
This test is failed. its screenshot is kept in F:\KSGCollege\KsgTestNGTests\srcFailed\Fail1702110544310f.png is failed. 
This test is failed. its screenshot is kept in F:\KSGCollege\KsgTestNGTests\srcFailed\Fail1702110544310f.png is failed. 
This test is failed. its screenshot is kept in F:\KSGCollege\KsgTestNGTests\srcFailed\Fail1702110544310f.png is failed. 
This test is failed. its screenshot is kept in F:\KSGCollege\KsgTestNGTests\srcFailed\Fail1702110544310f.png is failed. 
This test is failed. its screenshot is kept in F:\KSGCollege\KsgTestNGTests\srcSuccessful\sucess0.09998161335177103s.jpeg is sucess. 
This test is failed. its screenshot is kept in F:\KSGCollege\KsgTestNGTests\srcSuccessful\sucess0.09998161335177103s.jpeg is sucess. 
This test is failed. its screenshot is kept in F:\KSGCollege\KsgTestNGTests\srcSuccessful\sucess0.09998161335177103s.jpeg is sucess. 
This test is failed. its screenshot is kept in F:\KSGCollege\KsgTestNGTests\srcSuccessful\sucess0.09998161335177103s.jpeg is sucess. 
This test is failed. its screenshot is kept in F:\KSGCollege\KsgTestNGTests\srcSuccessful\sucess0.09998161335177103s.jpeg is sucess. 
This test is failed. its screenshot is kept in F:\KSGCollege\KsgTestNGTests\srcSuccessful\sucess0.09998161335177103s.jpeg is sucess. 
This test is failed. its screenshot is kept in F:\KSGCollege\KsgTestNGTests\srcFailed\Fail1702110544310f.png is failed. 
This test is failed. its screenshot is kept in F:\KSGCollege\KsgTestNGTests\srcSuccessful\sucess0.09998161335177103s.jpeg is sucess. 
This test is failed. its screenshot is kept in F:\KSGCollege\KsgTestNGTests\srcSuccessful\sucess0.09998161335177103s.jpeg is sucess. 
This test is failed. its screenshot is kept in F:\KSGCollege\KsgTestNGTests\srcFailed\Fail1702110544310f.png is failed. 
This test is failed. its screenshot is kept in F:\KSGCollege\KsgTestNGTests\srcFailed\Fail1702110544310f.png is failed. 
This test is failed. its screenshot is kept in F:\KSGCollege\KsgTestNGTests\srcSuccessful\sucess0.09998161335177103s.jpeg is sucess. 
This test is failed. its screenshot is kept in F:\KSGCollege\KsgTestNGTests\srcSuccessful\sucess0.09998161335177103s.jpeg is sucess. 
This test is failed. its screenshot is kept in F:\KSGCollege\KsgTestNGTests\srcSuccessful\sucess0.09998161335177103s.jpeg is sucess. 
This test is failed. its screenshot is kept in F:\KSGCollege\KsgTestNGTests\srcSuccessful\sucess0.09998161335177103s.jpeg is sucess. 
This test is failed. its screenshot is kept in F:\KSGCollege\KsgTestNGTests\srcSuccessful\sucess0.09998161335177103s.jpeg is sucess. 
This test is failed. its screenshot is kept in F:\KSGCollege\KsgTestNGTests\srcSuccessful\sucess0.09998161335177103s.jpeg is sucess. 
This test is failed. its screenshot is kept in F:\KSGCollege\KsgTestNGTests\srcSuccessful\sucess0.09998161335177103s.jpeg is sucess. 
This test is failed. its screenshot is kept in F:\KSGCollege\KsgTestNGTests\srcSuccessful\sucess0.09998161335177103s.jpeg is sucess. ]]>
  </system-out>
</testsuite> <!-- testSuite.KSGServiceModule -->
