<?xml version="1.0" encoding="UTF-8"?>
<!-- Generated by org.testng.reporters.JUnitReportReporter -->
<testsuite hostname="SVL2310" failures="0" tests="5" name="testSuite.KSGCampus" time="7.290" errors="0" timestamp="2023-12-09T14:19:55 IST" skipped="0">
  <testcase classname="testSuite.KSGCampus" name="website_launched_with_the_url" time="0.001">
    <system-out>
      <![CDATA[This test is failed. its screenshot is kept in F:\KSGCollege\KsgTestNGTests\srcSuccessful\sucess0.09998161335177103s.jpeg is sucess. ]]>
    </system-out>
  </testcase> <!-- website_launched_with_the_url -->
  <testcase classname="testSuite.KSGCampus" name="hover_on_Campus_and_click_on_it" time="5.851">
    <system-out>
      <![CDATA[This test is failed. its screenshot is kept in F:\KSGCollege\KsgTestNGTests\srcSuccessful\sucess0.09998161335177103s.jpeg is sucess. ]]>
    </system-out>
  </testcase> <!-- hover_on_Campus_and_click_on_it -->
  <testcase classname="testSuite.KSGCampus" name="Check_heading_of_webpage_is_Campus" time="0.025">
    <system-out>
      <![CDATA[This test is failed. its screenshot is kept in F:\KSGCollege\KsgTestNGTests\srcSuccessful\sucess0.09998161335177103s.jpeg is sucess. ]]>
    </system-out>
  </testcase> <!-- Check_heading_of_webpage_is_Campus -->
  <testcase classname="testSuite.KSGCampus" name="hover_on_Campus_and_click_on_NSS" time="1.390">
    <system-out>
      <![CDATA[This test is failed. its screenshot is kept in F:\KSGCollege\KsgTestNGTests\srcSuccessful\sucess0.09998161335177103s.jpeg is sucess. ]]>
    </system-out>
  </testcase> <!-- hover_on_Campus_and_click_on_NSS -->
  <testcase classname="testSuite.KSGCampus" name="Check_heading_of_webpage_is_NSS" time="0.023">
    <system-out>
      <![CDATA[This test is failed. its screenshot is kept in F:\KSGCollege\KsgTestNGTests\srcSuccessful\sucess0.09998161335177103s.jpeg is sucess. ]]>
    </system-out>
  </testcase> <!-- Check_heading_of_webpage_is_NSS -->
  <system-out>
    <![CDATA[This test is failed. its screenshot is kept in F:\KSGCollege\KsgTestNGTests\srcSuccessful\sucess0.09998161335177103s.jpeg is sucess. 
This test is failed. its screenshot is kept in F:\KSGCollege\KsgTestNGTests\srcSuccessful\sucess0.09998161335177103s.jpeg is sucess. 
This test is failed. its screenshot is kept in F:\KSGCollege\KsgTestNGTests\srcSuccessful\sucess0.09998161335177103s.jpeg is sucess. 
This test is failed. its screenshot is kept in F:\KSGCollege\KsgTestNGTests\srcFailed\Fail1702110544310f.png is failed. 
This test is failed. its screenshot is kept in F:\KSGCollege\KsgTestNGTests\srcSuccessful\sucess0.09998161335177103s.jpeg is sucess. 
This test is failed. its screenshot is kept in F:\KSGCollege\KsgTestNGTests\srcSuccessful\sucess0.09998161335177103s.jpeg is sucess. 
This test is failed. its screenshot is kept in F:\KSGCollege\KsgTestNGTests\srcSuccessful\sucess0.09998161335177103s.jpeg is sucess. 
This test is failed. its screenshot is kept in F:\KSGCollege\KsgTestNGTests\srcSuccessful\sucess0.09998161335177103s.jpeg is sucess. 
This test is failed. its screenshot is kept in F:\KSGCollege\KsgTestNGTests\srcSuccessful\sucess0.09998161335177103s.jpeg is sucess. 
This test is failed. its screenshot is kept in F:\KSGCollege\KsgTestNGTests\srcSuccessful\sucess0.09998161335177103s.jpeg is sucess. 
This test is failed. its screenshot is kept in F:\KSGCollege\KsgTestNGTests\srcSuccessful\sucess0.09998161335177103s.jpeg is sucess. 
This test is failed. its screenshot is kept in F:\KSGCollege\KsgTestNGTests\srcSuccessful\sucess0.09998161335177103s.jpeg is sucess. 
This test is failed. its screenshot is kept in F:\KSGCollege\KsgTestNGTests\srcSuccessful\sucess0.09998161335177103s.jpeg is sucess. 
This test is failed. its screenshot is kept in F:\KSGCollege\KsgTestNGTests\srcSuccessful\sucess0.09998161335177103s.jpeg is sucess. 
This test is failed. its screenshot is kept in F:\KSGCollege\KsgTestNGTests\srcSuccessful\sucess0.09998161335177103s.jpeg is sucess. 
This test is failed. its screenshot is kept in F:\KSGCollege\KsgTestNGTests\srcSuccessful\sucess0.09998161335177103s.jpeg is sucess. 
This test is failed. its screenshot is kept in F:\KSGCollege\KsgTestNGTests\srcSuccessful\sucess0.09998161335177103s.jpeg is sucess. 
This test is failed. its screenshot is kept in F:\KSGCollege\KsgTestNGTests\srcSuccessful\sucess0.09998161335177103s.jpeg is sucess. 
This test is failed. its screenshot is kept in F:\KSGCollege\KsgTestNGTests\srcSuccessful\sucess0.09998161335177103s.jpeg is sucess. 
This test is failed. its screenshot is kept in F:\KSGCollege\KsgTestNGTests\srcSuccessful\sucess0.09998161335177103s.jpeg is sucess. 
This test is failed. its screenshot is kept in F:\KSGCollege\KsgTestNGTests\srcFailed\Fail1702110544310f.png is failed. 
This test is failed. its screenshot is kept in F:\KSGCollege\KsgTestNGTests\srcSuccessful\sucess0.09998161335177103s.jpeg is sucess. 
This test is failed. its screenshot is kept in F:\KSGCollege\KsgTestNGTests\srcSuccessful\sucess0.09998161335177103s.jpeg is sucess. 
This test is failed. its screenshot is kept in F:\KSGCollege\KsgTestNGTests\srcFailed\Fail1702110544310f.png is failed. 
This test is failed. its screenshot is kept in F:\KSGCollege\KsgTestNGTests\srcSuccessful\sucess0.09998161335177103s.jpeg is sucess. 
This test is failed. its screenshot is kept in F:\KSGCollege\KsgTestNGTests\srcSuccessful\sucess0.09998161335177103s.jpeg is sucess. 
This test is failed. its screenshot is kept in F:\KSGCollege\KsgTestNGTests\srcSuccessful\sucess0.09998161335177103s.jpeg is sucess. 
This test is failed. its screenshot is kept in F:\KSGCollege\KsgTestNGTests\srcFailed\Fail1702110544310f.png is failed. 
This test is failed. its screenshot is kept in F:\KSGCollege\KsgTestNGTests\srcSuccessful\sucess0.09998161335177103s.jpeg is sucess. 
This test is failed. its screenshot is kept in F:\KSGCollege\KsgTestNGTests\srcSuccessful\sucess0.09998161335177103s.jpeg is sucess. 
This test is failed. its screenshot is kept in F:\KSGCollege\KsgTestNGTests\srcSuccessful\sucess0.09998161335177103s.jpeg is sucess. 
This test is failed. its screenshot is kept in F:\KSGCollege\KsgTestNGTests\srcSuccessful\sucess0.09998161335177103s.jpeg is sucess. 
This test is failed. its screenshot is kept in F:\KSGCollege\KsgTestNGTests\srcSuccessful\sucess0.09998161335177103s.jpeg is sucess. 
This test is failed. its screenshot is kept in F:\KSGCollege\KsgTestNGTests\srcSuccessful\sucess0.09998161335177103s.jpeg is sucess. 
This test is failed. its screenshot is kept in F:\KSGCollege\KsgTestNGTests\srcSuccessful\sucess0.09998161335177103s.jpeg is sucess. 
This test is failed. its screenshot is kept in F:\KSGCollege\KsgTestNGTests\srcSuccessful\sucess0.09998161335177103s.jpeg is sucess. 
This test is failed. its screenshot is kept in F:\KSGCollege\KsgTestNGTests\srcFailed\Fail1702110544310f.png is failed. 
This test is failed. its screenshot is kept in F:\KSGCollege\KsgTestNGTests\srcFailed\Fail1702110544310f.png is failed. 
This test is failed. its screenshot is kept in F:\KSGCollege\KsgTestNGTests\srcSuccessful\sucess0.09998161335177103s.jpeg is sucess. 
This test is failed. its screenshot is kept in F:\KSGCollege\KsgTestNGTests\srcSuccessful\sucess0.09998161335177103s.jpeg is sucess. 
This test is failed. its screenshot is kept in F:\KSGCollege\KsgTestNGTests\srcSuccessful\sucess0.09998161335177103s.jpeg is sucess. 
This test is failed. its screenshot is kept in F:\KSGCollege\KsgTestNGTests\srcSuccessful\sucess0.09998161335177103s.jpeg is sucess. 
This test is failed. its screenshot is kept in F:\KSGCollege\KsgTestNGTests\srcSuccessful\sucess0.09998161335177103s.jpeg is sucess. 
This test is failed. its screenshot is kept in F:\KSGCollege\KsgTestNGTests\srcSuccessful\sucess0.09998161335177103s.jpeg is sucess. 
This test is failed. its screenshot is kept in F:\KSGCollege\KsgTestNGTests\srcFailed\Fail1702110544310f.png is failed. 
This test is failed. its screenshot is kept in F:\KSGCollege\KsgTestNGTests\srcFailed\Fail1702110544310f.png is failed. 
This test is failed. its screenshot is kept in F:\KSGCollege\KsgTestNGTests\srcSuccessful\sucess0.09998161335177103s.jpeg is sucess. 
This test is failed. its screenshot is kept in F:\KSGCollege\KsgTestNGTests\srcSuccessful\sucess0.09998161335177103s.jpeg is sucess. 
This test is failed. its screenshot is kept in F:\KSGCollege\KsgTestNGTests\srcSuccessful\sucess0.09998161335177103s.jpeg is sucess. 
This test is failed. its screenshot is kept in F:\KSGCollege\KsgTestNGTests\srcSuccessful\sucess0.09998161335177103s.jpeg is sucess. 
This test is failed. its screenshot is kept in F:\KSGCollege\KsgTestNGTests\srcSuccessful\sucess0.09998161335177103s.jpeg is sucess. 
This test is failed. its screenshot is kept in F:\KSGCollege\KsgTestNGTests\srcSuccessful\sucess0.09998161335177103s.jpeg is sucess. 
This test is failed. its screenshot is kept in F:\KSGCollege\KsgTestNGTests\srcSuccessful\sucess0.09998161335177103s.jpeg is sucess. 
This test is failed. its screenshot is kept in F:\KSGCollege\KsgTestNGTests\srcFailed\Fail1702110544310f.png is failed. 
This test is failed. its screenshot is kept in F:\KSGCollege\KsgTestNGTests\srcFailed\Fail1702110544310f.png is failed. 
This test is failed. its screenshot is kept in F:\KSGCollege\KsgTestNGTests\srcFailed\Fail1702110544310f.png is failed. 
This test is failed. its screenshot is kept in F:\KSGCollege\KsgTestNGTests\srcFailed\Fail1702110544310f.png is failed. 
This test is failed. its screenshot is kept in F:\KSGCollege\KsgTestNGTests\srcFailed\Fail1702110544310f.png is failed. 
This test is failed. its screenshot is kept in F:\KSGCollege\KsgTestNGTests\srcFailed\Fail1702110544310f.png is failed. 
This test is failed. its screenshot is kept in F:\KSGCollege\KsgTestNGTests\srcFailed\Fail1702110544310f.png is failed. 
This test is failed. its screenshot is kept in F:\KSGCollege\KsgTestNGTests\srcFailed\Fail1702110544310f.png is failed. 
This test is failed. its screenshot is kept in F:\KSGCollege\KsgTestNGTests\srcFailed\Fail1702110544310f.png is failed. 
This test is failed. its screenshot is kept in F:\KSGCollege\KsgTestNGTests\srcSuccessful\sucess0.09998161335177103s.jpeg is sucess. 
This test is failed. its screenshot is kept in F:\KSGCollege\KsgTestNGTests\srcSuccessful\sucess0.09998161335177103s.jpeg is sucess. 
This test is failed. its screenshot is kept in F:\KSGCollege\KsgTestNGTests\srcSuccessful\sucess0.09998161335177103s.jpeg is sucess. 
This test is failed. its screenshot is kept in F:\KSGCollege\KsgTestNGTests\srcSuccessful\sucess0.09998161335177103s.jpeg is sucess. 
This test is failed. its screenshot is kept in F:\KSGCollege\KsgTestNGTests\srcSuccessful\sucess0.09998161335177103s.jpeg is sucess. 
This test is failed. its screenshot is kept in F:\KSGCollege\KsgTestNGTests\srcSuccessful\sucess0.09998161335177103s.jpeg is sucess. 
This test is failed. its screenshot is kept in F:\KSGCollege\KsgTestNGTests\srcFailed\Fail1702110544310f.png is failed. 
This test is failed. its screenshot is kept in F:\KSGCollege\KsgTestNGTests\srcSuccessful\sucess0.09998161335177103s.jpeg is sucess. 
This test is failed. its screenshot is kept in F:\KSGCollege\KsgTestNGTests\srcSuccessful\sucess0.09998161335177103s.jpeg is sucess. 
This test is failed. its screenshot is kept in F:\KSGCollege\KsgTestNGTests\srcFailed\Fail1702110544310f.png is failed. 
This test is failed. its screenshot is kept in F:\KSGCollege\KsgTestNGTests\srcFailed\Fail1702110544310f.png is failed. 
This test is failed. its screenshot is kept in F:\KSGCollege\KsgTestNGTests\srcSuccessful\sucess0.09998161335177103s.jpeg is sucess. 
This test is failed. its screenshot is kept in F:\KSGCollege\KsgTestNGTests\srcSuccessful\sucess0.09998161335177103s.jpeg is sucess. 
This test is failed. its screenshot is kept in F:\KSGCollege\KsgTestNGTests\srcSuccessful\sucess0.09998161335177103s.jpeg is sucess. 
This test is failed. its screenshot is kept in F:\KSGCollege\KsgTestNGTests\srcSuccessful\sucess0.09998161335177103s.jpeg is sucess. 
This test is failed. its screenshot is kept in F:\KSGCollege\KsgTestNGTests\srcSuccessful\sucess0.09998161335177103s.jpeg is sucess. 
This test is failed. its screenshot is kept in F:\KSGCollege\KsgTestNGTests\srcSuccessful\sucess0.09998161335177103s.jpeg is sucess. 
This test is failed. its screenshot is kept in F:\KSGCollege\KsgTestNGTests\srcSuccessful\sucess0.09998161335177103s.jpeg is sucess. 
This test is failed. its screenshot is kept in F:\KSGCollege\KsgTestNGTests\srcSuccessful\sucess0.09998161335177103s.jpeg is sucess. ]]>
  </system-out>
</testsuite> <!-- testSuite.KSGCampus -->
