<?xml version="1.0" encoding="UTF-8"?>
<!-- Generated by org.testng.reporters.JUnitReportReporter -->
<testsuite hostname="SVL2310" failures="0" tests="3" name="testSuite.KSGGallery" time="8.319" errors="0" timestamp="2023-12-09T14:19:55 IST" skipped="0">
  <testcase classname="testSuite.KSGGallery" name="website_launched_with_the_url" time="0.001">
    <system-out>
      <![CDATA[This test is failed. its screenshot is kept in F:\KSGCollege\KsgTestNGTests\srcSuccessful\sucess0.09998161335177103s.jpeg is sucess. ]]>
    </system-out>
  </testcase> <!-- website_launched_with_the_url -->
  <testcase classname="testSuite.KSGGallery" name="hover_on_Gallery_and_click_on_Facilities" time="8.289">
    <system-out>
      <![CDATA[This test is failed. its screenshot is kept in F:\KSGCollege\KsgTestNGTests\srcSuccessful\sucess0.09998161335177103s.jpeg is sucess. ]]>
    </system-out>
  </testcase> <!-- hover_on_Gallery_and_click_on_Facilities -->
  <testcase classname="testSuite.KSGGallery" name="Check_heading_of_webpage_is_Gallery" time="0.029">
    <system-out>
      <![CDATA[This test is failed. its screenshot is kept in F:\KSGCollege\KsgTestNGTests\srcSuccessful\sucess0.09998161335177103s.jpeg is sucess. ]]>
    </system-out>
  </testcase> <!-- Check_heading_of_webpage_is_Gallery -->
  <system-out>
    <![CDATA[This test is failed. its screenshot is kept in F:\KSGCollege\KsgTestNGTests\srcSuccessful\sucess0.09998161335177103s.jpeg is sucess. 
This test is failed. its screenshot is kept in F:\KSGCollege\KsgTestNGTests\srcSuccessful\sucess0.09998161335177103s.jpeg is sucess. 
This test is failed. its screenshot is kept in F:\KSGCollege\KsgTestNGTests\srcSuccessful\sucess0.09998161335177103s.jpeg is sucess. 
This test is failed. its screenshot is kept in F:\KSGCollege\KsgTestNGTests\srcFailed\Fail1702110544310f.png is failed. 
This test is failed. its screenshot is kept in F:\KSGCollege\KsgTestNGTests\srcSuccessful\sucess0.09998161335177103s.jpeg is sucess. 
This test is failed. its screenshot is kept in F:\KSGCollege\KsgTestNGTests\srcSuccessful\sucess0.09998161335177103s.jpeg is sucess. 
This test is failed. its screenshot is kept in F:\KSGCollege\KsgTestNGTests\srcSuccessful\sucess0.09998161335177103s.jpeg is sucess. 
This test is failed. its screenshot is kept in F:\KSGCollege\KsgTestNGTests\srcSuccessful\sucess0.09998161335177103s.jpeg is sucess. 
This test is failed. its screenshot is kept in F:\KSGCollege\KsgTestNGTests\srcSuccessful\sucess0.09998161335177103s.jpeg is sucess. 
This test is failed. its screenshot is kept in F:\KSGCollege\KsgTestNGTests\srcSuccessful\sucess0.09998161335177103s.jpeg is sucess. 
This test is failed. its screenshot is kept in F:\KSGCollege\KsgTestNGTests\srcSuccessful\sucess0.09998161335177103s.jpeg is sucess. 
This test is failed. its screenshot is kept in F:\KSGCollege\KsgTestNGTests\srcSuccessful\sucess0.09998161335177103s.jpeg is sucess. 
This test is failed. its screenshot is kept in F:\KSGCollege\KsgTestNGTests\srcSuccessful\sucess0.09998161335177103s.jpeg is sucess. 
This test is failed. its screenshot is kept in F:\KSGCollege\KsgTestNGTests\srcSuccessful\sucess0.09998161335177103s.jpeg is sucess. 
This test is failed. its screenshot is kept in F:\KSGCollege\KsgTestNGTests\srcSuccessful\sucess0.09998161335177103s.jpeg is sucess. 
This test is failed. its screenshot is kept in F:\KSGCollege\KsgTestNGTests\srcSuccessful\sucess0.09998161335177103s.jpeg is sucess. 
This test is failed. its screenshot is kept in F:\KSGCollege\KsgTestNGTests\srcSuccessful\sucess0.09998161335177103s.jpeg is sucess. 
This test is failed. its screenshot is kept in F:\KSGCollege\KsgTestNGTests\srcSuccessful\sucess0.09998161335177103s.jpeg is sucess. 
This test is failed. its screenshot is kept in F:\KSGCollege\KsgTestNGTests\srcSuccessful\sucess0.09998161335177103s.jpeg is sucess. 
This test is failed. its screenshot is kept in F:\KSGCollege\KsgTestNGTests\srcSuccessful\sucess0.09998161335177103s.jpeg is sucess. 
This test is failed. its screenshot is kept in F:\KSGCollege\KsgTestNGTests\srcFailed\Fail1702110544310f.png is failed. 
This test is failed. its screenshot is kept in F:\KSGCollege\KsgTestNGTests\srcSuccessful\sucess0.09998161335177103s.jpeg is sucess. 
This test is failed. its screenshot is kept in F:\KSGCollege\KsgTestNGTests\srcSuccessful\sucess0.09998161335177103s.jpeg is sucess. 
This test is failed. its screenshot is kept in F:\KSGCollege\KsgTestNGTests\srcFailed\Fail1702110544310f.png is failed. 
This test is failed. its screenshot is kept in F:\KSGCollege\KsgTestNGTests\srcSuccessful\sucess0.09998161335177103s.jpeg is sucess. 
This test is failed. its screenshot is kept in F:\KSGCollege\KsgTestNGTests\srcSuccessful\sucess0.09998161335177103s.jpeg is sucess. 
This test is failed. its screenshot is kept in F:\KSGCollege\KsgTestNGTests\srcSuccessful\sucess0.09998161335177103s.jpeg is sucess. 
This test is failed. its screenshot is kept in F:\KSGCollege\KsgTestNGTests\srcFailed\Fail1702110544310f.png is failed. 
This test is failed. its screenshot is kept in F:\KSGCollege\KsgTestNGTests\srcSuccessful\sucess0.09998161335177103s.jpeg is sucess. 
This test is failed. its screenshot is kept in F:\KSGCollege\KsgTestNGTests\srcSuccessful\sucess0.09998161335177103s.jpeg is sucess. 
This test is failed. its screenshot is kept in F:\KSGCollege\KsgTestNGTests\srcSuccessful\sucess0.09998161335177103s.jpeg is sucess. 
This test is failed. its screenshot is kept in F:\KSGCollege\KsgTestNGTests\srcSuccessful\sucess0.09998161335177103s.jpeg is sucess. 
This test is failed. its screenshot is kept in F:\KSGCollege\KsgTestNGTests\srcSuccessful\sucess0.09998161335177103s.jpeg is sucess. 
This test is failed. its screenshot is kept in F:\KSGCollege\KsgTestNGTests\srcSuccessful\sucess0.09998161335177103s.jpeg is sucess. 
This test is failed. its screenshot is kept in F:\KSGCollege\KsgTestNGTests\srcSuccessful\sucess0.09998161335177103s.jpeg is sucess. 
This test is failed. its screenshot is kept in F:\KSGCollege\KsgTestNGTests\srcSuccessful\sucess0.09998161335177103s.jpeg is sucess. 
This test is failed. its screenshot is kept in F:\KSGCollege\KsgTestNGTests\srcFailed\Fail1702110544310f.png is failed. 
This test is failed. its screenshot is kept in F:\KSGCollege\KsgTestNGTests\srcFailed\Fail1702110544310f.png is failed. 
This test is failed. its screenshot is kept in F:\KSGCollege\KsgTestNGTests\srcSuccessful\sucess0.09998161335177103s.jpeg is sucess. 
This test is failed. its screenshot is kept in F:\KSGCollege\KsgTestNGTests\srcSuccessful\sucess0.09998161335177103s.jpeg is sucess. 
This test is failed. its screenshot is kept in F:\KSGCollege\KsgTestNGTests\srcSuccessful\sucess0.09998161335177103s.jpeg is sucess. 
This test is failed. its screenshot is kept in F:\KSGCollege\KsgTestNGTests\srcSuccessful\sucess0.09998161335177103s.jpeg is sucess. 
This test is failed. its screenshot is kept in F:\KSGCollege\KsgTestNGTests\srcSuccessful\sucess0.09998161335177103s.jpeg is sucess. 
This test is failed. its screenshot is kept in F:\KSGCollege\KsgTestNGTests\srcSuccessful\sucess0.09998161335177103s.jpeg is sucess. 
This test is failed. its screenshot is kept in F:\KSGCollege\KsgTestNGTests\srcFailed\Fail1702110544310f.png is failed. 
This test is failed. its screenshot is kept in F:\KSGCollege\KsgTestNGTests\srcFailed\Fail1702110544310f.png is failed. 
This test is failed. its screenshot is kept in F:\KSGCollege\KsgTestNGTests\srcSuccessful\sucess0.09998161335177103s.jpeg is sucess. 
This test is failed. its screenshot is kept in F:\KSGCollege\KsgTestNGTests\srcSuccessful\sucess0.09998161335177103s.jpeg is sucess. 
This test is failed. its screenshot is kept in F:\KSGCollege\KsgTestNGTests\srcSuccessful\sucess0.09998161335177103s.jpeg is sucess. 
This test is failed. its screenshot is kept in F:\KSGCollege\KsgTestNGTests\srcSuccessful\sucess0.09998161335177103s.jpeg is sucess. 
This test is failed. its screenshot is kept in F:\KSGCollege\KsgTestNGTests\srcSuccessful\sucess0.09998161335177103s.jpeg is sucess. 
This test is failed. its screenshot is kept in F:\KSGCollege\KsgTestNGTests\srcSuccessful\sucess0.09998161335177103s.jpeg is sucess. 
This test is failed. its screenshot is kept in F:\KSGCollege\KsgTestNGTests\srcSuccessful\sucess0.09998161335177103s.jpeg is sucess. 
This test is failed. its screenshot is kept in F:\KSGCollege\KsgTestNGTests\srcFailed\Fail1702110544310f.png is failed. 
This test is failed. its screenshot is kept in F:\KSGCollege\KsgTestNGTests\srcFailed\Fail1702110544310f.png is failed. 
This test is failed. its screenshot is kept in F:\KSGCollege\KsgTestNGTests\srcFailed\Fail1702110544310f.png is failed. 
This test is failed. its screenshot is kept in F:\KSGCollege\KsgTestNGTests\srcFailed\Fail1702110544310f.png is failed. 
This test is failed. its screenshot is kept in F:\KSGCollege\KsgTestNGTests\srcFailed\Fail1702110544310f.png is failed. 
This test is failed. its screenshot is kept in F:\KSGCollege\KsgTestNGTests\srcFailed\Fail1702110544310f.png is failed. 
This test is failed. its screenshot is kept in F:\KSGCollege\KsgTestNGTests\srcFailed\Fail1702110544310f.png is failed. 
This test is failed. its screenshot is kept in F:\KSGCollege\KsgTestNGTests\srcFailed\Fail1702110544310f.png is failed. 
This test is failed. its screenshot is kept in F:\KSGCollege\KsgTestNGTests\srcFailed\Fail1702110544310f.png is failed. 
This test is failed. its screenshot is kept in F:\KSGCollege\KsgTestNGTests\srcSuccessful\sucess0.09998161335177103s.jpeg is sucess. 
This test is failed. its screenshot is kept in F:\KSGCollege\KsgTestNGTests\srcSuccessful\sucess0.09998161335177103s.jpeg is sucess. 
This test is failed. its screenshot is kept in F:\KSGCollege\KsgTestNGTests\srcSuccessful\sucess0.09998161335177103s.jpeg is sucess. 
This test is failed. its screenshot is kept in F:\KSGCollege\KsgTestNGTests\srcSuccessful\sucess0.09998161335177103s.jpeg is sucess. 
This test is failed. its screenshot is kept in F:\KSGCollege\KsgTestNGTests\srcSuccessful\sucess0.09998161335177103s.jpeg is sucess. 
This test is failed. its screenshot is kept in F:\KSGCollege\KsgTestNGTests\srcSuccessful\sucess0.09998161335177103s.jpeg is sucess. 
This test is failed. its screenshot is kept in F:\KSGCollege\KsgTestNGTests\srcFailed\Fail1702110544310f.png is failed. 
This test is failed. its screenshot is kept in F:\KSGCollege\KsgTestNGTests\srcSuccessful\sucess0.09998161335177103s.jpeg is sucess. 
This test is failed. its screenshot is kept in F:\KSGCollege\KsgTestNGTests\srcSuccessful\sucess0.09998161335177103s.jpeg is sucess. 
This test is failed. its screenshot is kept in F:\KSGCollege\KsgTestNGTests\srcFailed\Fail1702110544310f.png is failed. 
This test is failed. its screenshot is kept in F:\KSGCollege\KsgTestNGTests\srcFailed\Fail1702110544310f.png is failed. 
This test is failed. its screenshot is kept in F:\KSGCollege\KsgTestNGTests\srcSuccessful\sucess0.09998161335177103s.jpeg is sucess. 
This test is failed. its screenshot is kept in F:\KSGCollege\KsgTestNGTests\srcSuccessful\sucess0.09998161335177103s.jpeg is sucess. 
This test is failed. its screenshot is kept in F:\KSGCollege\KsgTestNGTests\srcSuccessful\sucess0.09998161335177103s.jpeg is sucess. 
This test is failed. its screenshot is kept in F:\KSGCollege\KsgTestNGTests\srcSuccessful\sucess0.09998161335177103s.jpeg is sucess. 
This test is failed. its screenshot is kept in F:\KSGCollege\KsgTestNGTests\srcSuccessful\sucess0.09998161335177103s.jpeg is sucess. 
This test is failed. its screenshot is kept in F:\KSGCollege\KsgTestNGTests\srcSuccessful\sucess0.09998161335177103s.jpeg is sucess. 
This test is failed. its screenshot is kept in F:\KSGCollege\KsgTestNGTests\srcSuccessful\sucess0.09998161335177103s.jpeg is sucess. 
This test is failed. its screenshot is kept in F:\KSGCollege\KsgTestNGTests\srcSuccessful\sucess0.09998161335177103s.jpeg is sucess. ]]>
  </system-out>
</testsuite> <!-- testSuite.KSGGallery -->
