<?xml version="1.0" encoding="UTF-8"?>
<!-- Generated by org.testng.reporters.JUnitReportReporter -->
<testsuite hostname="SVL2310" failures="0" tests="8" name="testSuite.KSGonlinePaymentTest" time="27.699" errors="0" timestamp="2023-12-09T17:20:55 IST" skipped="0">
  <testcase classname="testSuite.KSGonlinePaymentTest" name="website_launched_with_the_url" time="0.082"/>
  <testcase classname="testSuite.KSGonlinePaymentTest" name="navigated_to_online_payment_and_clicked_on_it" time="3.572"/>
  <testcase classname="testSuite.KSGonlinePaymentTest" name="entered_valid_details_and_clicked_on_pay" time="0.012"/>
  <testcase classname="testSuite.KSGonlinePaymentTest" name="entered_valiid_card_details" time="11.154"/>
  <testcase classname="testSuite.KSGonlinePaymentTest" name="entered_invalid_details_and_clicked_on_pay" time="2.352"/>
  <testcase classname="testSuite.KSGonlinePaymentTest" name="entered_invaliid_card_details" time="4.713"/>
  <testcase classname="testSuite.KSGonlinePaymentTest" name="entered_no_details_and_clicked_on_pay" time="1.702"/>
  <testcase classname="testSuite.KSGonlinePaymentTest" name="entered_no_card_details" time="4.112"/>
</testsuite> <!-- testSuite.KSGonlinePaymentTest -->
