<?xml version="1.0" encoding="UTF-8"?>
<!-- Generated by org.testng.reporters.JUnitReportReporter -->
<testsuite hostname="SVL2310" failures="0" tests="6" name="testSuite.PlacementModule" time="8.765" errors="0" timestamp="2023-12-09T14:19:55 IST" skipped="0">
  <testcase classname="testSuite.PlacementModule" name="website_launched_with_the_url" time="0.003">
    <system-out>
      <![CDATA[This test is failed. its screenshot is kept in F:\KSGCollege\KsgTestNGTests\srcSuccessful\sucess0.09998161335177103s.jpeg is sucess. ]]>
    </system-out>
  </testcase> <!-- website_launched_with_the_url -->
  <testcase classname="testSuite.PlacementModule" name="Hover_on_Placement_and_click_on_Placement_Cell" time="3.420">
    <system-out>
      <![CDATA[This test is failed. its screenshot is kept in F:\KSGCollege\KsgTestNGTests\srcSuccessful\sucess0.09998161335177103s.jpeg is sucess. ]]>
    </system-out>
  </testcase> <!-- Hover_on_Placement_and_click_on_Placement_Cell -->
  <testcase classname="testSuite.PlacementModule" name="Hover_on_Placement_and_click_on_Placement_Office" time="1.888">
    <system-out>
      <![CDATA[This test is failed. its screenshot is kept in F:\KSGCollege\KsgTestNGTests\srcSuccessful\sucess0.09998161335177103s.jpeg is sucess. ]]>
    </system-out>
  </testcase> <!-- Hover_on_Placement_and_click_on_Placement_Office -->
  <testcase classname="testSuite.PlacementModule" name="Hover_on_Placement_and_click_on_Companies" time="1.020">
    <system-out>
      <![CDATA[This test is failed. its screenshot is kept in F:\KSGCollege\KsgTestNGTests\srcSuccessful\sucess0.09998161335177103s.jpeg is sucess. ]]>
    </system-out>
  </testcase> <!-- Hover_on_Placement_and_click_on_Companies -->
  <testcase classname="testSuite.PlacementModule" name="Hover_on_Placement_and_click_on_Activities" time="1.425">
    <system-out>
      <![CDATA[This test is failed. its screenshot is kept in F:\KSGCollege\KsgTestNGTests\srcSuccessful\sucess0.09998161335177103s.jpeg is sucess. ]]>
    </system-out>
  </testcase> <!-- Hover_on_Placement_and_click_on_Activities -->
  <testcase classname="testSuite.PlacementModule" name="Hover_on_Placement_and_click_on_Career" time="1.009">
    <system-out>
      <![CDATA[This test is failed. its screenshot is kept in F:\KSGCollege\KsgTestNGTests\srcSuccessful\sucess0.09998161335177103s.jpeg is sucess. ]]>
    </system-out>
  </testcase> <!-- Hover_on_Placement_and_click_on_Career -->
  <system-out>
    <![CDATA[This test is failed. its screenshot is kept in F:\KSGCollege\KsgTestNGTests\srcSuccessful\sucess0.09998161335177103s.jpeg is sucess. 
This test is failed. its screenshot is kept in F:\KSGCollege\KsgTestNGTests\srcSuccessful\sucess0.09998161335177103s.jpeg is sucess. 
This test is failed. its screenshot is kept in F:\KSGCollege\KsgTestNGTests\srcSuccessful\sucess0.09998161335177103s.jpeg is sucess. 
This test is failed. its screenshot is kept in F:\KSGCollege\KsgTestNGTests\srcFailed\Fail1702110544310f.png is failed. 
This test is failed. its screenshot is kept in F:\KSGCollege\KsgTestNGTests\srcSuccessful\sucess0.09998161335177103s.jpeg is sucess. 
This test is failed. its screenshot is kept in F:\KSGCollege\KsgTestNGTests\srcSuccessful\sucess0.09998161335177103s.jpeg is sucess. 
This test is failed. its screenshot is kept in F:\KSGCollege\KsgTestNGTests\srcSuccessful\sucess0.09998161335177103s.jpeg is sucess. 
This test is failed. its screenshot is kept in F:\KSGCollege\KsgTestNGTests\srcSuccessful\sucess0.09998161335177103s.jpeg is sucess. 
This test is failed. its screenshot is kept in F:\KSGCollege\KsgTestNGTests\srcSuccessful\sucess0.09998161335177103s.jpeg is sucess. 
This test is failed. its screenshot is kept in F:\KSGCollege\KsgTestNGTests\srcSuccessful\sucess0.09998161335177103s.jpeg is sucess. 
This test is failed. its screenshot is kept in F:\KSGCollege\KsgTestNGTests\srcSuccessful\sucess0.09998161335177103s.jpeg is sucess. 
This test is failed. its screenshot is kept in F:\KSGCollege\KsgTestNGTests\srcSuccessful\sucess0.09998161335177103s.jpeg is sucess. 
This test is failed. its screenshot is kept in F:\KSGCollege\KsgTestNGTests\srcSuccessful\sucess0.09998161335177103s.jpeg is sucess. 
This test is failed. its screenshot is kept in F:\KSGCollege\KsgTestNGTests\srcSuccessful\sucess0.09998161335177103s.jpeg is sucess. 
This test is failed. its screenshot is kept in F:\KSGCollege\KsgTestNGTests\srcSuccessful\sucess0.09998161335177103s.jpeg is sucess. 
This test is failed. its screenshot is kept in F:\KSGCollege\KsgTestNGTests\srcSuccessful\sucess0.09998161335177103s.jpeg is sucess. 
This test is failed. its screenshot is kept in F:\KSGCollege\KsgTestNGTests\srcSuccessful\sucess0.09998161335177103s.jpeg is sucess. 
This test is failed. its screenshot is kept in F:\KSGCollege\KsgTestNGTests\srcSuccessful\sucess0.09998161335177103s.jpeg is sucess. 
This test is failed. its screenshot is kept in F:\KSGCollege\KsgTestNGTests\srcSuccessful\sucess0.09998161335177103s.jpeg is sucess. 
This test is failed. its screenshot is kept in F:\KSGCollege\KsgTestNGTests\srcSuccessful\sucess0.09998161335177103s.jpeg is sucess. 
This test is failed. its screenshot is kept in F:\KSGCollege\KsgTestNGTests\srcFailed\Fail1702110544310f.png is failed. 
This test is failed. its screenshot is kept in F:\KSGCollege\KsgTestNGTests\srcSuccessful\sucess0.09998161335177103s.jpeg is sucess. 
This test is failed. its screenshot is kept in F:\KSGCollege\KsgTestNGTests\srcSuccessful\sucess0.09998161335177103s.jpeg is sucess. 
This test is failed. its screenshot is kept in F:\KSGCollege\KsgTestNGTests\srcFailed\Fail1702110544310f.png is failed. 
This test is failed. its screenshot is kept in F:\KSGCollege\KsgTestNGTests\srcSuccessful\sucess0.09998161335177103s.jpeg is sucess. 
This test is failed. its screenshot is kept in F:\KSGCollege\KsgTestNGTests\srcSuccessful\sucess0.09998161335177103s.jpeg is sucess. 
This test is failed. its screenshot is kept in F:\KSGCollege\KsgTestNGTests\srcSuccessful\sucess0.09998161335177103s.jpeg is sucess. 
This test is failed. its screenshot is kept in F:\KSGCollege\KsgTestNGTests\srcFailed\Fail1702110544310f.png is failed. 
This test is failed. its screenshot is kept in F:\KSGCollege\KsgTestNGTests\srcSuccessful\sucess0.09998161335177103s.jpeg is sucess. 
This test is failed. its screenshot is kept in F:\KSGCollege\KsgTestNGTests\srcSuccessful\sucess0.09998161335177103s.jpeg is sucess. 
This test is failed. its screenshot is kept in F:\KSGCollege\KsgTestNGTests\srcSuccessful\sucess0.09998161335177103s.jpeg is sucess. 
This test is failed. its screenshot is kept in F:\KSGCollege\KsgTestNGTests\srcSuccessful\sucess0.09998161335177103s.jpeg is sucess. 
This test is failed. its screenshot is kept in F:\KSGCollege\KsgTestNGTests\srcSuccessful\sucess0.09998161335177103s.jpeg is sucess. 
This test is failed. its screenshot is kept in F:\KSGCollege\KsgTestNGTests\srcSuccessful\sucess0.09998161335177103s.jpeg is sucess. 
This test is failed. its screenshot is kept in F:\KSGCollege\KsgTestNGTests\srcSuccessful\sucess0.09998161335177103s.jpeg is sucess. 
This test is failed. its screenshot is kept in F:\KSGCollege\KsgTestNGTests\srcSuccessful\sucess0.09998161335177103s.jpeg is sucess. 
This test is failed. its screenshot is kept in F:\KSGCollege\KsgTestNGTests\srcFailed\Fail1702110544310f.png is failed. 
This test is failed. its screenshot is kept in F:\KSGCollege\KsgTestNGTests\srcFailed\Fail1702110544310f.png is failed. 
This test is failed. its screenshot is kept in F:\KSGCollege\KsgTestNGTests\srcSuccessful\sucess0.09998161335177103s.jpeg is sucess. 
This test is failed. its screenshot is kept in F:\KSGCollege\KsgTestNGTests\srcSuccessful\sucess0.09998161335177103s.jpeg is sucess. 
This test is failed. its screenshot is kept in F:\KSGCollege\KsgTestNGTests\srcSuccessful\sucess0.09998161335177103s.jpeg is sucess. 
This test is failed. its screenshot is kept in F:\KSGCollege\KsgTestNGTests\srcSuccessful\sucess0.09998161335177103s.jpeg is sucess. 
This test is failed. its screenshot is kept in F:\KSGCollege\KsgTestNGTests\srcSuccessful\sucess0.09998161335177103s.jpeg is sucess. 
This test is failed. its screenshot is kept in F:\KSGCollege\KsgTestNGTests\srcSuccessful\sucess0.09998161335177103s.jpeg is sucess. 
This test is failed. its screenshot is kept in F:\KSGCollege\KsgTestNGTests\srcFailed\Fail1702110544310f.png is failed. 
This test is failed. its screenshot is kept in F:\KSGCollege\KsgTestNGTests\srcFailed\Fail1702110544310f.png is failed. 
This test is failed. its screenshot is kept in F:\KSGCollege\KsgTestNGTests\srcSuccessful\sucess0.09998161335177103s.jpeg is sucess. 
This test is failed. its screenshot is kept in F:\KSGCollege\KsgTestNGTests\srcSuccessful\sucess0.09998161335177103s.jpeg is sucess. 
This test is failed. its screenshot is kept in F:\KSGCollege\KsgTestNGTests\srcSuccessful\sucess0.09998161335177103s.jpeg is sucess. 
This test is failed. its screenshot is kept in F:\KSGCollege\KsgTestNGTests\srcSuccessful\sucess0.09998161335177103s.jpeg is sucess. 
This test is failed. its screenshot is kept in F:\KSGCollege\KsgTestNGTests\srcSuccessful\sucess0.09998161335177103s.jpeg is sucess. 
This test is failed. its screenshot is kept in F:\KSGCollege\KsgTestNGTests\srcSuccessful\sucess0.09998161335177103s.jpeg is sucess. 
This test is failed. its screenshot is kept in F:\KSGCollege\KsgTestNGTests\srcSuccessful\sucess0.09998161335177103s.jpeg is sucess. 
This test is failed. its screenshot is kept in F:\KSGCollege\KsgTestNGTests\srcFailed\Fail1702110544310f.png is failed. 
This test is failed. its screenshot is kept in F:\KSGCollege\KsgTestNGTests\srcFailed\Fail1702110544310f.png is failed. 
This test is failed. its screenshot is kept in F:\KSGCollege\KsgTestNGTests\srcFailed\Fail1702110544310f.png is failed. 
This test is failed. its screenshot is kept in F:\KSGCollege\KsgTestNGTests\srcFailed\Fail1702110544310f.png is failed. 
This test is failed. its screenshot is kept in F:\KSGCollege\KsgTestNGTests\srcFailed\Fail1702110544310f.png is failed. 
This test is failed. its screenshot is kept in F:\KSGCollege\KsgTestNGTests\srcFailed\Fail1702110544310f.png is failed. 
This test is failed. its screenshot is kept in F:\KSGCollege\KsgTestNGTests\srcFailed\Fail1702110544310f.png is failed. 
This test is failed. its screenshot is kept in F:\KSGCollege\KsgTestNGTests\srcFailed\Fail1702110544310f.png is failed. 
This test is failed. its screenshot is kept in F:\KSGCollege\KsgTestNGTests\srcFailed\Fail1702110544310f.png is failed. 
This test is failed. its screenshot is kept in F:\KSGCollege\KsgTestNGTests\srcSuccessful\sucess0.09998161335177103s.jpeg is sucess. 
This test is failed. its screenshot is kept in F:\KSGCollege\KsgTestNGTests\srcSuccessful\sucess0.09998161335177103s.jpeg is sucess. 
This test is failed. its screenshot is kept in F:\KSGCollege\KsgTestNGTests\srcSuccessful\sucess0.09998161335177103s.jpeg is sucess. 
This test is failed. its screenshot is kept in F:\KSGCollege\KsgTestNGTests\srcSuccessful\sucess0.09998161335177103s.jpeg is sucess. 
This test is failed. its screenshot is kept in F:\KSGCollege\KsgTestNGTests\srcSuccessful\sucess0.09998161335177103s.jpeg is sucess. 
This test is failed. its screenshot is kept in F:\KSGCollege\KsgTestNGTests\srcSuccessful\sucess0.09998161335177103s.jpeg is sucess. 
This test is failed. its screenshot is kept in F:\KSGCollege\KsgTestNGTests\srcFailed\Fail1702110544310f.png is failed. 
This test is failed. its screenshot is kept in F:\KSGCollege\KsgTestNGTests\srcSuccessful\sucess0.09998161335177103s.jpeg is sucess. 
This test is failed. its screenshot is kept in F:\KSGCollege\KsgTestNGTests\srcSuccessful\sucess0.09998161335177103s.jpeg is sucess. 
This test is failed. its screenshot is kept in F:\KSGCollege\KsgTestNGTests\srcFailed\Fail1702110544310f.png is failed. 
This test is failed. its screenshot is kept in F:\KSGCollege\KsgTestNGTests\srcFailed\Fail1702110544310f.png is failed. 
This test is failed. its screenshot is kept in F:\KSGCollege\KsgTestNGTests\srcSuccessful\sucess0.09998161335177103s.jpeg is sucess. 
This test is failed. its screenshot is kept in F:\KSGCollege\KsgTestNGTests\srcSuccessful\sucess0.09998161335177103s.jpeg is sucess. 
This test is failed. its screenshot is kept in F:\KSGCollege\KsgTestNGTests\srcSuccessful\sucess0.09998161335177103s.jpeg is sucess. 
This test is failed. its screenshot is kept in F:\KSGCollege\KsgTestNGTests\srcSuccessful\sucess0.09998161335177103s.jpeg is sucess. 
This test is failed. its screenshot is kept in F:\KSGCollege\KsgTestNGTests\srcSuccessful\sucess0.09998161335177103s.jpeg is sucess. 
This test is failed. its screenshot is kept in F:\KSGCollege\KsgTestNGTests\srcSuccessful\sucess0.09998161335177103s.jpeg is sucess. 
This test is failed. its screenshot is kept in F:\KSGCollege\KsgTestNGTests\srcSuccessful\sucess0.09998161335177103s.jpeg is sucess. 
This test is failed. its screenshot is kept in F:\KSGCollege\KsgTestNGTests\srcSuccessful\sucess0.09998161335177103s.jpeg is sucess. ]]>
  </system-out>
</testsuite> <!-- testSuite.PlacementModule -->
